C:\LABS\ECO.LAB1\Новая папка\VAVIL\ASSEMBLYFILES\WINDOWS\VISUALSTUDIO_10\ECO.LAB1\DYNAMICDEBUG\1F5DF16EE1BF43B999A434ED38FE8F3A.DLL.INTERMEDIATE.MANIFEST
C:\labs\Eco.Lab1\Новая папка\Vavil\AssemblyFiles\Windows\VisualStudio_10\Eco.Lab1\DynamicDebug\1F5DF16EE1BF43B999A434ED38FE8F3A.exp
C:\labs\Eco.Lab1\Новая папка\Vavil\AssemblyFiles\Windows\VisualStudio_10\Eco.Lab1\DynamicDebug\1F5DF16EE1BF43B999A434ED38FE8F3A.lib
C:\LABS\ECO.LAB1\НОВАЯ ПАПКА\VAVIL\ASSEMBLYFILES\WINDOWS\VISUALSTUDIO_10\ECO.LAB1\DYNAMICDEBUG\1F5DF16EE1BF43B999A434ED38FE8F3A.PDB
C:\LABS\ECO.LAB1\Новая папка\VAVIL\ASSEMBLYFILES\WINDOWS\VISUALSTUDIO_10\ECO.LAB1\DYNAMICDEBUG\CECOLAB1.OBJ
C:\LABS\ECO.LAB1\Новая папка\VAVIL\ASSEMBLYFILES\WINDOWS\VISUALSTUDIO_10\ECO.LAB1\DYNAMICDEBUG\CECOLAB1FACTORY.OBJ
C:\labs\Eco.Lab1\Новая папка\Vavil\AssemblyFiles\Windows\VisualStudio_10\Eco.Lab1\DynamicDebug\cl.command.1.tlog
C:\labs\Eco.Lab1\Новая папка\Vavil\AssemblyFiles\Windows\VisualStudio_10\Eco.Lab1\DynamicDebug\CL.read.1.tlog
C:\labs\Eco.Lab1\Новая папка\Vavil\AssemblyFiles\Windows\VisualStudio_10\Eco.Lab1\DynamicDebug\CL.write.1.tlog
C:\labs\Eco.Lab1\Новая папка\Vavil\AssemblyFiles\Windows\VisualStudio_10\Eco.Lab1\DynamicDebug\Eco.Lab1.write.1.tlog
C:\labs\Eco.Lab1\Новая папка\Vavil\AssemblyFiles\Windows\VisualStudio_10\Eco.Lab1\DynamicDebug\link.command.1.tlog
C:\labs\Eco.Lab1\Новая папка\Vavil\AssemblyFiles\Windows\VisualStudio_10\Eco.Lab1\DynamicDebug\link.read.1.tlog
C:\labs\Eco.Lab1\Новая папка\Vavil\AssemblyFiles\Windows\VisualStudio_10\Eco.Lab1\DynamicDebug\link.write.1.tlog
C:\labs\Eco.Lab1\Новая папка\Vavil\AssemblyFiles\Windows\VisualStudio_10\Eco.Lab1\DynamicDebug\mt.command.1.tlog
C:\labs\Eco.Lab1\Новая папка\Vavil\AssemblyFiles\Windows\VisualStudio_10\Eco.Lab1\DynamicDebug\mt.read.1.tlog
C:\labs\Eco.Lab1\Новая папка\Vavil\AssemblyFiles\Windows\VisualStudio_10\Eco.Lab1\DynamicDebug\mt.write.1.tlog
C:\labs\Eco.Lab1\Новая папка\Vavil\AssemblyFiles\Windows\VisualStudio_10\Eco.Lab1\DynamicDebug\vc100.idb
C:\LABS\ECO.LAB1\НОВАЯ ПАПКА\VAVIL\ASSEMBLYFILES\WINDOWS\VISUALSTUDIO_10\ECO.LAB1\DYNAMICDEBUG\VC100.PDB
C:\LABS\ECO.LAB1\Новая папка\VAVIL\BUILDFILES\WINDOWS\X86\DYNAMICDEBUG\1F5DF16EE1BF43B999A434ED38FE8F3A.DLL
C:\LABS\ECO.LAB1\Новая папка\VAVIL\BUILDFILES\WINDOWS\X86\DYNAMICDEBUG\1F5DF16EE1BF43B999A434ED38FE8F3A.ILK
