Build started 03.05.2024 1:02:06.
     1>Project "C:\labs\Eco.Lab1\Lab3\C89ShellSort-main\Eco.Lab1\AssemblyFiles\Windows\VisualStudio_10\Eco.Lab1.vcxproj" on node 3 (rebuild target(s)).
     1>_PrepareForClean:
         Deleting file "Eco.Lab1\DynamicDebug\Eco.Lab1.lastbuildstate".
       InitializeBuildStatus:
         Touching "Eco.Lab1\DynamicDebug\Eco.Lab1.unsuccessfulbuild".
       ClCompile:
         C:\Program Files (x86)\Microsoft Visual Studio 10.0\VC\bin\CL.exe /c /I..\..\..\HeaderFiles /I..\..\..\SharedFiles /IC:\Eco.Framework\Eco.Core1\SharedFiles /IC:\Eco.Framework\Eco.InterfaceBus1\SharedFiles /IC:\Eco.Framework\Eco.System1\SharedFiles /IC:\Eco.Framework\Eco.MemoryManager1\SharedFiles /IC:\Eco.Framework\Eco.FileSystemManagement1\SharedFiles /IC:\Eco.Framework\Eco.List1\SharedFiles /I"C:\Users\antip\OneDrive\Рабочий стол\ВШЭ\3 курс\ACOM\001.InsideACOM\Lessons\Lesson02\Eco.CalculatorA\SharedFiles" /I"C:\Users\antip\OneDrive\Рабочий стол\ВШЭ\3 курс\ACOM\001.InsideACOM\Lessons\Lesson03\Eco.CalculatorB\SharedFiles" /I"C:\Users\antip\OneDrive\Рабочий стол\ВШЭ\3 курс\ACOM\001.InsideACOM\Lessons\Lesson06\Eco.CalculatorD\SharedFiles" /I"C:\Users\antip\OneDrive\Рабочий стол\ВШЭ\3 курс\ACOM\001.InsideACOM\Lessons\Lesson07\Eco.CalculatorE\SharedFiles" /ZI /nologo /W3 /WX- /Od /Oy- /D WIN32 /D _DEBUG /D _WINDOWS /D ECO_WINDOWS /D ECO_WIN32 /D UGUID_UTILITY /D ECO_DLL /D _WINDLL /D _UNICODE /D UNICODE /Gm /EHsc /RTC1 /MTd /GS /fp:precise /Zc:wchar_t /Zc:forScope /Fo"Eco.Lab1\DynamicDebug\\" /Fd"Eco.Lab1\DynamicDebug\vc100.pdb" /Gz /TC /analyze- /errorReport:prompt ..\..\..\SourceFiles\CEcoLab1.c ..\..\..\SourceFiles\CEcoLab1ConnectionPoint.c ..\..\..\SourceFiles\CEcoLab1EnumConnectionPoints.c ..\..\..\SourceFiles\CEcoLab1EnumConnections.c ..\..\..\SourceFiles\CEcoLab1Factory.c
         CEcoLab1Factory.c
         CEcoLab1EnumConnections.c
         CEcoLab1EnumConnectionPoints.c
         CEcoLab1ConnectionPoint.c
         CEcoLab1.c
     1>c:\labs\eco.lab1\lab3\c89shellsort-main\eco.lab1\sourcefiles\cecolab1.c(285): warning C4133: 'function' : incompatible types - from 'IEcoLab1 *' to 'IEcoLab1Events *'
     1>c:\labs\eco.lab1\lab3\c89shellsort-main\eco.lab1\sourcefiles\cecolab1.c(307): warning C4133: 'function' : incompatible types - from 'IEcoLab1 *' to 'IEcoLab1Events *'
     1>c:\labs\eco.lab1\lab3\c89shellsort-main\eco.lab1\sourcefiles\cecolab1.c(320): warning C4244: 'return' : conversion from 'double' to 'float_t', possible loss of data
     1>c:\labs\eco.lab1\lab3\c89shellsort-main\eco.lab1\sourcefiles\cecolab1.c(329): warning C4133: 'function' : incompatible types - from 'IEcoLab1 *' to 'IEcoLab1Events *'
     1>c:\labs\eco.lab1\lab3\c89shellsort-main\eco.lab1\sourcefiles\cecolab1.c(356): warning C4133: 'function' : incompatible types - from 'IEcoLab1 *' to 'IEcoLab1Events *'
     1>c:\labs\eco.lab1\lab3\c89shellsort-main\eco.lab1\sourcefiles\cecolab1.c(383): warning C4133: 'function' : incompatible types - from 'IEcoLab1 *' to 'IEcoLab1Events *'
     1>c:\labs\eco.lab1\lab3\c89shellsort-main\eco.lab1\sourcefiles\cecolab1.c(396): warning C4244: 'return' : conversion from 'double' to 'float_t', possible loss of data
     1>c:\labs\eco.lab1\lab3\c89shellsort-main\eco.lab1\sourcefiles\cecolab1.c(410): warning C4133: 'function' : incompatible types - from 'IEcoLab1 *' to 'IEcoLab1Events *'
     1>c:\labs\eco.lab1\lab3\c89shellsort-main\eco.lab1\sourcefiles\cecolab1.c(533): warning C4047: 'function' : 'IEcoConnectionPoint *' differs in levels of indirection from 'IEcoConnectionPointVTbl **'
     1>c:\labs\eco.lab1\lab3\c89shellsort-main\eco.lab1\sourcefiles\cecolab1.c(533): warning C4024: 'createCEcoLab1EnumConnectionPoints' : different types for formal and actual parameter 2
     1>c:\labs\eco.lab1\lab3\c89shellsort-main\eco.lab1\sourcefiles\cecolab1.c(568): warning C4047: 'function' : 'IEcoConnectionPoint *' differs in levels of indirection from 'IEcoConnectionPointVTbl **'
     1>c:\labs\eco.lab1\lab3\c89shellsort-main\eco.lab1\sourcefiles\cecolab1.c(568): warning C4024: 'function through pointer' : different types for formal and actual parameter 1
     1>c:\labs\eco.lab1\lab3\c89shellsort-main\eco.lab1\sourcefiles\cecolab1.c(569): warning C4047: '=' : 'IEcoConnectionPoint *' differs in levels of indirection from 'IEcoConnectionPointVTbl **'
     1>c:\labs\eco.lab1\lab3\c89shellsort-main\eco.lab1\sourcefiles\cecolab1.c(623): warning C4047: 'function' : 'IEcoConnectionPointContainer *' differs in levels of indirection from 'IEcoConnectionPointContainerVTbl **'
     1>c:\labs\eco.lab1\lab3\c89shellsort-main\eco.lab1\sourcefiles\cecolab1.c(623): warning C4024: 'createCEcoLab1ConnectionPoint' : different types for formal and actual parameter 2
         Generating Code...
     1>C:\Program Files (x86)\MSBuild\Microsoft.Cpp\v4.0\Microsoft.CppBuild.targets(990,5): warning MSB8012: TargetPath(C:\labs\Eco.Lab1\Lab3\C89ShellSort-main\Eco.Lab1\AssemblyFiles\Windows\VisualStudio_10\Eco.Lab1\DynamicDebug\1F5DF16EE1BF43B999A434ED38FE8F3A.dll) does not match the Linker's OutputFile property value (C:\labs\Eco.Lab1\Lab3\C89ShellSort-main\Eco.Lab1\BuildFiles\Windows\x86\DynamicDebug\1F5DF16EE1BF43B999A434ED38FE8F3A.dll). This may cause your project to build incorrectly. To correct this, please make sure that $(OutDir), $(TargetName) and $(TargetExt) property values match the value specified in %(Link.OutputFile).
       Link:
         C:\Program Files (x86)\Microsoft Visual Studio 10.0\VC\bin\link.exe /ERRORREPORT:PROMPT /OUT:"..\..\..\BuildFiles\Windows\x86\DynamicDebug\1F5DF16EE1BF43B999A434ED38FE8F3A.dll" /NOLOGO kernel32.lib user32.lib gdi32.lib winspool.lib comdlg32.lib advapi32.lib shell32.lib ole32.lib oleaut32.lib uuid.lib odbc32.lib odbccp32.lib /MANIFEST /ManifestFile:"Eco.Lab1\DynamicDebug\1F5DF16EE1BF43B999A434ED38FE8F3A.dll.intermediate.manifest" /MANIFESTUAC:"level='asInvoker' uiAccess='false'" /DEBUG /PDB:"C:\labs\Eco.Lab1\Lab3\C89ShellSort-main\Eco.Lab1\AssemblyFiles\Windows\VisualStudio_10\Eco.Lab1\DynamicDebug\1F5DF16EE1BF43B999A434ED38FE8F3A.pdb" /SUBSYSTEM:WINDOWS /TLBID:1 /DYNAMICBASE /NXCOMPAT /IMPLIB:"C:\labs\Eco.Lab1\Lab3\C89ShellSort-main\Eco.Lab1\AssemblyFiles\Windows\VisualStudio_10\Eco.Lab1\DynamicDebug\1F5DF16EE1BF43B999A434ED38FE8F3A.lib" /MACHINE:X86 /DLL Eco.Lab1\DynamicDebug\CEcoLab1.obj
         Eco.Lab1\DynamicDebug\CEcoLab1ConnectionPoint.obj
         Eco.Lab1\DynamicDebug\CEcoLab1EnumConnectionPoints.obj
         Eco.Lab1\DynamicDebug\CEcoLab1EnumConnections.obj
         Eco.Lab1\DynamicDebug\CEcoLab1Factory.obj
            Creating library C:\labs\Eco.Lab1\Lab3\C89ShellSort-main\Eco.Lab1\AssemblyFiles\Windows\VisualStudio_10\Eco.Lab1\DynamicDebug\1F5DF16EE1BF43B999A434ED38FE8F3A.lib and object C:\labs\Eco.Lab1\Lab3\C89ShellSort-main\Eco.Lab1\AssemblyFiles\Windows\VisualStudio_10\Eco.Lab1\DynamicDebug\1F5DF16EE1BF43B999A434ED38FE8F3A.exp
         Eco.Lab1.vcxproj -> C:\labs\Eco.Lab1\Lab3\C89ShellSort-main\Eco.Lab1\AssemblyFiles\Windows\VisualStudio_10\Eco.Lab1\DynamicDebug\1F5DF16EE1BF43B999A434ED38FE8F3A.dll
       Manifest:
         C:\Program Files (x86)\Microsoft SDKs\Windows\v7.0A\bin\mt.exe /nologo /verbose /outputresource:"..\..\..\BuildFiles\Windows\x86\DynamicDebug\1F5DF16EE1BF43B999A434ED38FE8F3A.dll;#2" /manifest Eco.Lab1\DynamicDebug\1F5DF16EE1BF43B999A434ED38FE8F3A.dll.intermediate.manifest
       FinalizeBuildStatus:
         Deleting file "Eco.Lab1\DynamicDebug\Eco.Lab1.unsuccessfulbuild".
         Touching "Eco.Lab1\DynamicDebug\Eco.Lab1.lastbuildstate".
     1>Done Building Project "C:\labs\Eco.Lab1\Lab3\C89ShellSort-main\Eco.Lab1\AssemblyFiles\Windows\VisualStudio_10\Eco.Lab1.vcxproj" (rebuild target(s)).

Build succeeded.

Time Elapsed 00:00:03.00
